Using pre-set license
Built from '2020.2/staging' branch; Version is '2020.2.7f1 (c53830e277f1) revision 12924976'; Using compiler version '192528614'; Build Type 'Release'
OS: 'Windows 10 Home; OS build 19042.867; Version 2009; 64bit' Language: 'it' Physical Memory: 16205 MB
BatchMode: 1, IsHumanControllingUs: 0, StartBugReporterOnCrash: 0, Is64bit: 1, IsPro: 0

 COMMAND LINE ARGUMENTS:
D:\Programmi\2020.2.7f1\Editor\Unity.exe
-adb2
-batchMode
-noUpm
-name
AssetImportWorker0
-projectPath
D:/UnityProjects/Memory game
-logFile
Logs/AssetImportWorker0.log
-srvPort
49548
Successfully changed project path to: D:/UnityProjects/Memory game
D:/UnityProjects/Memory game
Using Asset Import Pipeline V2.
Refreshing native plugins compatible for Editor in 27.64 ms, found 1 plugins.
Preloading 0 native plugins for Editor in 0.00 ms.
Initialize engine version: 2020.2.7f1 (c53830e277f1)
[Subsystems] Discovering subsystems at path D:/Programmi/2020.2.7f1/Editor/Data/Resources/UnitySubsystems
[Subsystems] Discovering subsystems at path D:/UnityProjects/Memory game/Assets
GfxDevice: creating device client; threaded=0
Direct3D:
    Version:  Direct3D 11.0 [level 11.1]
    Renderer: NVIDIA GeForce GTX 1650 Ti with Max-Q Design (ID=0x1f95)
    Vendor:   
    VRAM:     3962 MB
    Driver:   26.21.14.4223
Initialize mono
Mono path[0] = 'D:/Programmi/2020.2.7f1/Editor/Data/Managed'
Mono path[1] = 'D:/Programmi/2020.2.7f1/Editor/Data/MonoBleedingEdge/lib/mono/unityjit'
Mono config path = 'D:/Programmi/2020.2.7f1/Editor/Data/MonoBleedingEdge/etc'
Using monoOptions --debugger-agent=transport=dt_socket,embedding=1,server=y,suspend=n,address=127.0.0.1:56580
Begin MonoManager ReloadAssembly
Registering precompiled unity dll's ...
Register platform support module: D:/Programmi/2020.2.7f1/Editor/Data/PlaybackEngines/WindowsStandaloneSupport/UnityEditor.WindowsStandalone.Extensions.dll
Registered in 0.000831 seconds.
Native extension for WindowsStandalone target not found
Refreshing native plugins compatible for Editor in 27.47 ms, found 1 plugins.
Preloading 0 native plugins for Editor in 0.00 ms.
Invoked RoslynAnalysisRunner static constructor.
RoslynAnalysisRunner will not be running.
RoslynAnalysisRunner has terminated.
Mono: successfully reloaded assembly
- Completed reload, in  0.824 seconds
Platform modules already initialized, skipping
Registering precompiled user dll's ...
Registered in 0.000632 seconds.
Begin MonoManager ReloadAssembly
Native extension for WindowsStandalone target not found
Refreshing native plugins compatible for Editor in 27.55 ms, found 1 plugins.
Preloading 0 native plugins for Editor in 0.00 ms.
Invoked RoslynAnalysisRunner static constructor.
RoslynAnalysisRunner will not be running.
RoslynAnalysisRunner has terminated.
Mono: successfully reloaded assembly
- Completed reload, in  0.708 seconds
Platform modules already initialized, skipping
========================================================================
Worker process is ready to serve import requests
Launched and connected shader compiler UnityShaderCompiler.exe after 0.03 seconds
Refreshing native plugins compatible for Editor in 0.31 ms, found 1 plugins.
Preloading 0 native plugins for Editor in 0.00 ms.
Unloading 1806 Unused Serialized files (Serialized files now loaded: 0)
System memory in use before: 84.6 MB.
System memory in use after: 84.5 MB.

Unloading 24 unused Assets to reduce memory usage. Loaded Objects now: 2248.
Total: 2.409200 ms (FindLiveObjects: 0.301600 ms CreateObjectMapping: 0.186700 ms MarkObjects: 1.745900 ms  DeleteObjects: 0.173800 ms)

========================================================================
Received Import Request.
  path: Assets/Sprites/crescent-symbol.png
  artifactKey: Guid(8d6754846ead34f2380cce6d841852a4) Importer(815301076,1909f56bfc062723c751e8b465ee728b)
Start importing Assets/Sprites/crescent-symbol.png using Guid(8d6754846ead34f2380cce6d841852a4) Importer(815301076,1909f56bfc062723c751e8b465ee728b)  -> (artifact id: '9a9493476db794b70dbce2de87a25cef') in 0.114575 seconds
  Import took 0.117221 seconds .

========================================================================
Received Import Request.
  Time since last request: 0.000153 seconds.
  path: Assets/Sprites/start-button.png
  artifactKey: Guid(033022a865ffe40d587dad1ee1b3834c) Importer(815301076,1909f56bfc062723c751e8b465ee728b)
Start importing Assets/Sprites/start-button.png using Guid(033022a865ffe40d587dad1ee1b3834c) Importer(815301076,1909f56bfc062723c751e8b465ee728b)  -> (artifact id: 'b78a61c89f8b4375c0638a29054805ac') in 0.015584 seconds
  Import took 0.018256 seconds .

========================================================================
Received Import Request.
  Time since last request: 0.000135 seconds.
  path: Assets/Sprites/square-symbol.png
  artifactKey: Guid(ef107fa41ea624c23b52388da835e4eb) Importer(815301076,1909f56bfc062723c751e8b465ee728b)
Start importing Assets/Sprites/square-symbol.png using Guid(ef107fa41ea624c23b52388da835e4eb) Importer(815301076,1909f56bfc062723c751e8b465ee728b)  -> (artifact id: '36a0e35b151c5877d9559036d36e5dcb') in 0.016908 seconds
  Import took 0.019573 seconds .

========================================================================
Received Import Request.
  Time since last request: 0.000160 seconds.
  path: Assets/Sprites/heart-symbol.png
  artifactKey: Guid(a46a620e2ea5b429cac443cdc752d0c5) Importer(815301076,1909f56bfc062723c751e8b465ee728b)
Start importing Assets/Sprites/heart-symbol.png using Guid(a46a620e2ea5b429cac443cdc752d0c5) Importer(815301076,1909f56bfc062723c751e8b465ee728b)  -> (artifact id: '736da806973c85c4f210c9b76fd139ec') in 0.013834 seconds
  Import took 0.016230 seconds .

========================================================================
Received Import Request.
  Time since last request: 0.000161 seconds.
  path: Assets/Sprites/diamond-symbol.png
  artifactKey: Guid(571e7f5cb6d8d4f92825fe22e77e1b7b) Importer(815301076,1909f56bfc062723c751e8b465ee728b)
Start importing Assets/Sprites/diamond-symbol.png using Guid(571e7f5cb6d8d4f92825fe22e77e1b7b) Importer(815301076,1909f56bfc062723c751e8b465ee728b)  -> (artifact id: 'f9e5659948d6daa7d6f09166fda3eaf7') in 0.015240 seconds
  Import took 0.017646 seconds .

========================================================================
Received Import Request.
  Time since last request: 0.000261 seconds.
  path: Assets/Sprites
  artifactKey: Guid(7fcda14d5a9da5a40a60fa68f5fb3c23) Importer(815301076,1909f56bfc062723c751e8b465ee728b)
Start importing Assets/Sprites using Guid(7fcda14d5a9da5a40a60fa68f5fb3c23) Importer(815301076,1909f56bfc062723c751e8b465ee728b)  -> (artifact id: 'd5463a5480d5b6f25aa2b9418faaedbc') in 0.005773 seconds
  Import took 0.008450 seconds .

========================================================================
Received Import Request.
  Time since last request: 0.000212 seconds.
  path: Assets/Sprites/card_back.png
  artifactKey: Guid(bbb2b19be75304c50946141f5fdbc98a) Importer(815301076,1909f56bfc062723c751e8b465ee728b)
Start importing Assets/Sprites/card_back.png using Guid(bbb2b19be75304c50946141f5fdbc98a) Importer(815301076,1909f56bfc062723c751e8b465ee728b)  -> (artifact id: 'b63c29cdb825ac4c3f61afadb9ccb5b3') in 0.015152 seconds
  Import took 0.018232 seconds .

========================================================================
Received Import Request.
  Time since last request: 0.000130 seconds.
  path: Assets/Sprites/table_top.png
  artifactKey: Guid(6c73ca1c7a29345708a5f7413980ea3a) Importer(815301076,1909f56bfc062723c751e8b465ee728b)
Start importing Assets/Sprites/table_top.png using Guid(6c73ca1c7a29345708a5f7413980ea3a) Importer(815301076,1909f56bfc062723c751e8b465ee728b)  -> (artifact id: '839a96b0627dfe7b2c8915e8aba97123') in 0.018046 seconds
  Import took 0.020502 seconds .

========================================================================
Received Import Request.
  Time since last request: 0.000278 seconds.
  path: Assets/Sprites/card_back.png
  artifactKey: Guid(bbb2b19be75304c50946141f5fdbc98a) Importer(815301076,1909f56bfc062723c751e8b465ee728b)
Start importing Assets/Sprites/card_back.png using Guid(bbb2b19be75304c50946141f5fdbc98a) Importer(815301076,1909f56bfc062723c751e8b465ee728b)  -> (artifact id: 'b63c29cdb825ac4c3f61afadb9ccb5b3') in 0.013501 seconds
  Import took 0.016132 seconds .

========================================================================
Received Prepare
Registering precompiled user dll's ...
Registered in 0.000785 seconds.
Begin MonoManager ReloadAssembly
Native extension for WindowsStandalone target not found
Refreshing native plugins compatible for Editor in 0.29 ms, found 1 plugins.
Preloading 0 native plugins for Editor in 0.00 ms.
Invoked RoslynAnalysisRunner static constructor.
RoslynAnalysisRunner will not be running.
RoslynAnalysisRunner has terminated.
Mono: successfully reloaded assembly
- Completed reload, in  0.670 seconds
Platform modules already initialized, skipping
Refreshing native plugins compatible for Editor in 0.30 ms, found 1 plugins.
Preloading 0 native plugins for Editor in 0.00 ms.
Unloading 1801 Unused Serialized files (Serialized files now loaded: 0)
System memory in use before: 87.6 MB.
System memory in use after: 87.6 MB.

Unloading 12 unused Assets to reduce memory usage. Loaded Objects now: 2262.
Total: 1.918000 ms (FindLiveObjects: 0.194800 ms CreateObjectMapping: 0.101300 ms MarkObjects: 1.531200 ms  DeleteObjects: 0.089800 ms)

========================================================================
Received Import Request.
  Time since last request: 2600.935108 seconds.
  path: Assets
  artifactKey: Guid(00000000000000001000000000000000) Importer(815301076,1909f56bfc062723c751e8b465ee728b)
Start importing Assets using Guid(00000000000000001000000000000000) Importer(815301076,1909f56bfc062723c751e8b465ee728b)  -> (artifact id: 'f89434ac489deb914593f829e0a47671') in 0.009317 seconds
  Import took 0.012163 seconds .

========================================================================
Received Import Request.
  Time since last request: 7.423415 seconds.
  path: Assets/Scripts
  artifactKey: Guid(134d96c756f51ce4caa906b79b90ac4e) Importer(815301076,1909f56bfc062723c751e8b465ee728b)
Start importing Assets/Scripts using Guid(134d96c756f51ce4caa906b79b90ac4e) Importer(815301076,1909f56bfc062723c751e8b465ee728b)  -> (artifact id: '10c0418824553ed3a5d23622f44877c4') in 0.005553 seconds
  Import took 0.009128 seconds .

========================================================================
Received Import Request.
  Time since last request: 0.101037 seconds.
  path: Assets/Scenes
  artifactKey: Guid(4dd4c9a7948391b46810dde79efe35e0) Importer(815301076,1909f56bfc062723c751e8b465ee728b)
Start importing Assets/Scenes using Guid(4dd4c9a7948391b46810dde79efe35e0) Importer(815301076,1909f56bfc062723c751e8b465ee728b)  -> (artifact id: '55bd4852ac8280579e5266607ea5d2d3') in 0.005623 seconds
  Import took 0.008204 seconds .

========================================================================
Received Import Request.
  Time since last request: 23.426053 seconds.
  path: Assets/Scripts/MemoryCard.cs
  artifactKey: Guid(331cd84909c02a2409a8065c3e7e8d77) Importer(815301076,1909f56bfc062723c751e8b465ee728b)
Start importing Assets/Scripts/MemoryCard.cs using Guid(331cd84909c02a2409a8065c3e7e8d77) Importer(815301076,1909f56bfc062723c751e8b465ee728b)  -> (artifact id: '8e803bfd0c8b4d9487968c8e2e61a3bb') in 0.008441 seconds
  Import took 0.010912 seconds .

========================================================================
Received Prepare
Registering precompiled user dll's ...
Registered in 0.000636 seconds.
Begin MonoManager ReloadAssembly
Native extension for WindowsStandalone target not found
Refreshing native plugins compatible for Editor in 0.30 ms, found 1 plugins.
Preloading 0 native plugins for Editor in 0.00 ms.
Invoked RoslynAnalysisRunner static constructor.
RoslynAnalysisRunner will not be running.
RoslynAnalysisRunner has terminated.
Mono: successfully reloaded assembly
- Completed reload, in  0.659 seconds
Platform modules already initialized, skipping
Refreshing native plugins compatible for Editor in 0.30 ms, found 1 plugins.
Preloading 0 native plugins for Editor in 0.00 ms.
Unloading 1802 Unused Serialized files (Serialized files now loaded: 0)
System memory in use before: 87.7 MB.
System memory in use after: 87.7 MB.

Unloading 12 unused Assets to reduce memory usage. Loaded Objects now: 2267.
Total: 5.129500 ms (FindLiveObjects: 0.496700 ms CreateObjectMapping: 0.242100 ms MarkObjects: 3.930600 ms  DeleteObjects: 0.457100 ms)

========================================================================
Received Prepare
Registering precompiled user dll's ...
Registered in 0.000710 seconds.
Begin MonoManager ReloadAssembly
Native extension for WindowsStandalone target not found
Refreshing native plugins compatible for Editor in 0.30 ms, found 1 plugins.
Preloading 0 native plugins for Editor in 0.00 ms.
Invoked RoslynAnalysisRunner static constructor.
RoslynAnalysisRunner will not be running.
RoslynAnalysisRunner has terminated.
Mono: successfully reloaded assembly
- Completed reload, in  0.657 seconds
Platform modules already initialized, skipping
Refreshing native plugins compatible for Editor in 0.32 ms, found 1 plugins.
Preloading 0 native plugins for Editor in 0.00 ms.
Unloading 1802 Unused Serialized files (Serialized files now loaded: 0)
System memory in use before: 87.7 MB.
System memory in use after: 87.7 MB.

Unloading 12 unused Assets to reduce memory usage. Loaded Objects now: 2271.
Total: 2.442800 ms (FindLiveObjects: 0.279100 ms CreateObjectMapping: 0.117000 ms MarkObjects: 1.893800 ms  DeleteObjects: 0.151800 ms)

========================================================================
Received Import Request.
  Time since last request: 65.808187 seconds.
  path: Assets/Scripts/MemoryCard.cs
  artifactKey: Guid(331cd84909c02a2409a8065c3e7e8d77) Importer(815301076,1909f56bfc062723c751e8b465ee728b)
Start importing Assets/Scripts/MemoryCard.cs using Guid(331cd84909c02a2409a8065c3e7e8d77) Importer(815301076,1909f56bfc062723c751e8b465ee728b)  -> (artifact id: '61312c9123c512b248a03618a27abe77') in 0.004995 seconds
  Import took 0.022125 seconds .

========================================================================
Received Prepare
Registering precompiled user dll's ...
Registered in 0.000735 seconds.
Begin MonoManager ReloadAssembly
Native extension for WindowsStandalone target not found
Refreshing native plugins compatible for Editor in 0.30 ms, found 1 plugins.
Preloading 0 native plugins for Editor in 0.00 ms.
Invoked RoslynAnalysisRunner static constructor.
RoslynAnalysisRunner will not be running.
RoslynAnalysisRunner has terminated.
Mono: successfully reloaded assembly
- Completed reload, in  0.649 seconds
Platform modules already initialized, skipping
Refreshing native plugins compatible for Editor in 0.29 ms, found 1 plugins.
Preloading 0 native plugins for Editor in 0.00 ms.
Unloading 1802 Unused Serialized files (Serialized files now loaded: 0)
System memory in use before: 87.7 MB.
System memory in use after: 87.7 MB.

Unloading 12 unused Assets to reduce memory usage. Loaded Objects now: 2275.
Total: 1.984400 ms (FindLiveObjects: 0.260900 ms CreateObjectMapping: 0.100700 ms MarkObjects: 1.476500 ms  DeleteObjects: 0.145200 ms)

========================================================================
Received Import Request.
  Time since last request: 194.357311 seconds.
  path: Assets/Scripts/MemoryCard.cs
  artifactKey: Guid(331cd84909c02a2409a8065c3e7e8d77) Importer(815301076,1909f56bfc062723c751e8b465ee728b)
Start importing Assets/Scripts/MemoryCard.cs using Guid(331cd84909c02a2409a8065c3e7e8d77) Importer(815301076,1909f56bfc062723c751e8b465ee728b)  -> (artifact id: 'b28520229a91e1b9091d40bcb6aa3c00') in 0.004043 seconds
  Import took 0.006339 seconds .

========================================================================
Received Prepare
Registering precompiled user dll's ...
Registered in 0.000702 seconds.
Begin MonoManager ReloadAssembly
Native extension for WindowsStandalone target not found
Refreshing native plugins compatible for Editor in 0.30 ms, found 1 plugins.
Preloading 0 native plugins for Editor in 0.00 ms.
Invoked RoslynAnalysisRunner static constructor.
RoslynAnalysisRunner will not be running.
RoslynAnalysisRunner has terminated.
Mono: successfully reloaded assembly
- Completed reload, in  0.670 seconds
Platform modules already initialized, skipping
Refreshing native plugins compatible for Editor in 0.29 ms, found 1 plugins.
Preloading 0 native plugins for Editor in 0.00 ms.
Unloading 1802 Unused Serialized files (Serialized files now loaded: 0)
System memory in use before: 87.7 MB.
System memory in use after: 87.7 MB.

Unloading 12 unused Assets to reduce memory usage. Loaded Objects now: 2279.
Total: 2.154100 ms (FindLiveObjects: 0.324900 ms CreateObjectMapping: 0.088100 ms MarkObjects: 1.563500 ms  DeleteObjects: 0.177000 ms)

========================================================================
Received Prepare
Registering precompiled user dll's ...
Registered in 0.000758 seconds.
Begin MonoManager ReloadAssembly
Native extension for WindowsStandalone target not found
Refreshing native plugins compatible for Editor in 0.31 ms, found 1 plugins.
Preloading 0 native plugins for Editor in 0.00 ms.
Invoked RoslynAnalysisRunner static constructor.
RoslynAnalysisRunner will not be running.
RoslynAnalysisRunner has terminated.
Mono: successfully reloaded assembly
- Completed reload, in  0.721 seconds
Platform modules already initialized, skipping
Refreshing native plugins compatible for Editor in 0.52 ms, found 1 plugins.
Preloading 0 native plugins for Editor in 0.00 ms.
Unloading 1803 Unused Serialized files (Serialized files now loaded: 0)
System memory in use before: 87.7 MB.
System memory in use after: 87.7 MB.

Unloading 12 unused Assets to reduce memory usage. Loaded Objects now: 2284.
Total: 2.272300 ms (FindLiveObjects: 0.375400 ms CreateObjectMapping: 0.253500 ms MarkObjects: 1.502200 ms  DeleteObjects: 0.140300 ms)

========================================================================
Received Import Request.
  Time since last request: 381.376641 seconds.
  path: Assets/Scripts/SceneController.cs
  artifactKey: Guid(a80af824c3ab508409d1ffe1aa555fae) Importer(815301076,1909f56bfc062723c751e8b465ee728b)
Start importing Assets/Scripts/SceneController.cs using Guid(a80af824c3ab508409d1ffe1aa555fae) Importer(815301076,1909f56bfc062723c751e8b465ee728b)  -> (artifact id: '405989ad17d519f6b39d9a98e3e17d2d') in 0.007489 seconds
  Import took 0.010155 seconds .

========================================================================
Received Prepare
Registering precompiled user dll's ...
Registered in 0.000666 seconds.
Begin MonoManager ReloadAssembly
Native extension for WindowsStandalone target not found
Refreshing native plugins compatible for Editor in 0.30 ms, found 1 plugins.
Preloading 0 native plugins for Editor in 0.00 ms.
Invoked RoslynAnalysisRunner static constructor.
RoslynAnalysisRunner will not be running.
RoslynAnalysisRunner has terminated.
Mono: successfully reloaded assembly
- Completed reload, in  0.722 seconds
Platform modules already initialized, skipping
Refreshing native plugins compatible for Editor in 0.30 ms, found 1 plugins.
Preloading 0 native plugins for Editor in 0.00 ms.
Unloading 1803 Unused Serialized files (Serialized files now loaded: 0)
System memory in use before: 87.7 MB.
System memory in use after: 87.7 MB.

Unloading 12 unused Assets to reduce memory usage. Loaded Objects now: 2288.
Total: 1.809200 ms (FindLiveObjects: 0.200100 ms CreateObjectMapping: 0.093000 ms MarkObjects: 1.415700 ms  DeleteObjects: 0.099500 ms)

========================================================================
Received Prepare
Registering precompiled user dll's ...
Registered in 0.000769 seconds.
Begin MonoManager ReloadAssembly
Native extension for WindowsStandalone target not found
Refreshing native plugins compatible for Editor in 0.31 ms, found 1 plugins.
Preloading 0 native plugins for Editor in 0.00 ms.
Invoked RoslynAnalysisRunner static constructor.
RoslynAnalysisRunner will not be running.
RoslynAnalysisRunner has terminated.
Mono: successfully reloaded assembly
- Completed reload, in  0.679 seconds
Platform modules already initialized, skipping
Refreshing native plugins compatible for Editor in 0.29 ms, found 1 plugins.
Preloading 0 native plugins for Editor in 0.00 ms.
Unloading 1803 Unused Serialized files (Serialized files now loaded: 0)
System memory in use before: 87.8 MB.
System memory in use after: 87.7 MB.

Unloading 12 unused Assets to reduce memory usage. Loaded Objects now: 2292.
Total: 1.755400 ms (FindLiveObjects: 0.192700 ms CreateObjectMapping: 0.067000 ms MarkObjects: 1.376700 ms  DeleteObjects: 0.118100 ms)

========================================================================
Received Prepare
Registering precompiled user dll's ...
Registered in 0.000751 seconds.
Begin MonoManager ReloadAssembly
Native extension for WindowsStandalone target not found
Refreshing native plugins compatible for Editor in 0.29 ms, found 1 plugins.
Preloading 0 native plugins for Editor in 0.00 ms.
Invoked RoslynAnalysisRunner static constructor.
RoslynAnalysisRunner will not be running.
RoslynAnalysisRunner has terminated.
Mono: successfully reloaded assembly
- Completed reload, in  0.654 seconds
Platform modules already initialized, skipping
Refreshing native plugins compatible for Editor in 0.29 ms, found 1 plugins.
Preloading 0 native plugins for Editor in 0.00 ms.
Unloading 1803 Unused Serialized files (Serialized files now loaded: 0)
System memory in use before: 87.8 MB.
System memory in use after: 87.8 MB.

Unloading 12 unused Assets to reduce memory usage. Loaded Objects now: 2296.
Total: 1.875400 ms (FindLiveObjects: 0.208400 ms CreateObjectMapping: 0.064400 ms MarkObjects: 1.484400 ms  DeleteObjects: 0.096900 ms)

========================================================================
Received Import Request.
  Time since last request: 927.192977 seconds.
  path: Assets/Scripts/SceneController.cs
  artifactKey: Guid(a80af824c3ab508409d1ffe1aa555fae) Importer(815301076,1909f56bfc062723c751e8b465ee728b)
Start importing Assets/Scripts/SceneController.cs using Guid(a80af824c3ab508409d1ffe1aa555fae) Importer(815301076,1909f56bfc062723c751e8b465ee728b)  -> (artifact id: 'f0eee6a596a15c163930275622981ca5') in 0.004068 seconds
  Import took 0.009647 seconds .

========================================================================
Received Prepare
Registering precompiled user dll's ...
Registered in 0.000730 seconds.
Begin MonoManager ReloadAssembly
Native extension for WindowsStandalone target not found
Refreshing native plugins compatible for Editor in 0.30 ms, found 1 plugins.
Preloading 0 native plugins for Editor in 0.00 ms.
Invoked RoslynAnalysisRunner static constructor.
RoslynAnalysisRunner will not be running.
RoslynAnalysisRunner has terminated.
Mono: successfully reloaded assembly
- Completed reload, in  0.653 seconds
Platform modules already initialized, skipping
Refreshing native plugins compatible for Editor in 0.30 ms, found 1 plugins.
Preloading 0 native plugins for Editor in 0.00 ms.
Unloading 1803 Unused Serialized files (Serialized files now loaded: 0)
System memory in use before: 87.8 MB.
System memory in use after: 87.8 MB.

Unloading 12 unused Assets to reduce memory usage. Loaded Objects now: 2300.
Total: 3.692600 ms (FindLiveObjects: 0.311700 ms CreateObjectMapping: 0.147300 ms MarkObjects: 3.049100 ms  DeleteObjects: 0.183000 ms)

========================================================================
Received Import Request.
  Time since last request: 404.668387 seconds.
  path: Assets/Scripts/MemoryCard.cs
  artifactKey: Guid(331cd84909c02a2409a8065c3e7e8d77) Importer(815301076,1909f56bfc062723c751e8b465ee728b)
Start importing Assets/Scripts/MemoryCard.cs using Guid(331cd84909c02a2409a8065c3e7e8d77) Importer(815301076,1909f56bfc062723c751e8b465ee728b)  -> (artifact id: '3a305bd12bbf9341830cd4e03c5bad43') in 0.004496 seconds
  Import took 0.007013 seconds .

AssetImportWorkerClient::OnTransportError - code=2 error=End of file
